
> @gospelreads/editor@0.1.0 test:mutate /app
> stryker run --mutate 'src/stores/__tests__/*.ts'

[32m03:03:08 (287282) INFO ProjectReader[39m Found 2 of 110 file(s) to be mutated.
[32m03:03:08 (287282) INFO Instrumenter[39m Instrumented 2 source file(s) with 307 mutant(s)
[32m03:03:09 (287282) INFO ConcurrencyTokenProvider[39m Creating 4 test runner process(es).
[32m03:03:10 (287282) INFO BroadcastReporter[39m Detected that current console does not support the "progress" reporter, downgrading to "progress-append-only" reporter
[32m03:03:11 (287282) INFO DryRunExecutor[39m Starting initial test run (vitest test runner with "perTest" coverage analysis). This may take a while.
[32m03:03:14 (287282) INFO DryRunExecutor[39m Initial test run succeeded. Ran 29 tests in 3 seconds (net 35.890444999998635 ms, overhead 3096.1095550000014 ms).
[33m03:03:14 (287282) WARN MutantTestPlanner[39m Detected 45 static mutants (15% of total) that are estimated to take 66% of the time running the tests!
  You might want to enable "ignoreStatic" to ignore these static mutants for your next run.
  For more information about static mutants visit: https://stryker-mutator.io/docs/mutation-testing-elements/static-mutants
  (disable "warnings.slow" to ignore this warning)
Mutation testing 8% (elapsed: <1m, remaining: ~1m) 26/307 tested (15 survived, 0 timed out)
Mutation testing 9% (elapsed: <1m, remaining: ~3m) 46/307 tested (32 survived, 0 timed out)
Mutation testing 10% (elapsed: <1m, remaining: ~4m) 66/307 tested (42 survived, 0 timed out)
Mutation testing 11% (elapsed: <1m, remaining: ~5m) 86/307 tested (53 survived, 0 timed out)
Mutation testing 12% (elapsed: <1m, remaining: ~5m) 106/307 tested (61 survived, 0 timed out)
Mutation testing 23% (elapsed: ~1m, remaining: ~3m) 127/307 tested (68 survived, 0 timed out)
Mutation testing 28% (elapsed: ~1m, remaining: ~2m) 149/307 tested (79 survived, 0 timed out)
Mutation testing 29% (elapsed: ~1m, remaining: ~3m) 169/307 tested (89 survived, 0 timed out)
Mutation testing 30% (elapsed: ~1m, remaining: ~3m) 191/307 tested (96 survived, 0 timed out)
